<?xml version="1.0" encoding="UTF-8"?>
<!-- Generated by org.testng.reporters.JUnitXMLReporter -->
<testsuite ignored="0" hostname="DESKTOP-33S5R95" failures="0" tests="3" name="Accordian" time="15.134" errors="0" timestamp="2023-12-01T17:27:14 COT">
  <testcase classname="org.Tests.AccordianTest" name="validateFirstContentCardIsShown" time="0.241"/>
  <testcase classname="org.Tests.AccordianTest" name="validateSecondContentCardIsShown" time="1.554"/>
  <testcase classname="org.Tests.AccordianTest" name="validateThirdContentCardIsShown" time="0.383"/>
</testsuite> <!-- Accordian -->
