<?xml version="1.0" encoding="UTF-8"?>
<!-- Generated by org.testng.reporters.JUnitXMLReporter -->
<testsuite ignored="0" hostname="DESKTOP-33S5R95" failures="0" tests="2" name="alerts,frame and windows" time="13.587" errors="0" timestamp="2023-12-01T17:21:22 COT">
  <testcase classname="org.Tests.AlertsFrameWindowsPageTest" name="validateSectionsSize" time="0.158"/>
  <testcase classname="org.Tests.AlertsFrameWindowsPageTest" name="validateURL" time="0.016"/>
</testsuite> <!-- alerts,frame and windows -->
