<?xml version="1.0" encoding="UTF-8"?>
<!-- Generated by org.testng.reporters.JUnitXMLReporter -->
<testsuite ignored="0" hostname="DESKTOP-33S5R95" failures="0" tests="2" name="Auto Complete" time="16.928" errors="0" timestamp="2023-12-01T17:27:31 COT">
  <testcase classname="org.Tests.AutoCompleteTest" name="validateColorNameInSingleContainer" time="2.089"/>
  <testcase classname="org.Tests.AutoCompleteTest" name="validateColorNamesInMultipleContainer" time="0.512"/>
</testsuite> <!-- Auto Complete -->
