<?xml version="1.0" encoding="UTF-8"?>
<!-- Generated by org.testng.reporters.JUnitXMLReporter -->
<testsuite ignored="0" hostname="DESKTOP-33S5R95" failures="0" tests="4" name="Broken Links - Images" time="20.112" errors="0" timestamp="2023-12-01T17:24:35 COT">
  <testcase classname="org.Tests.BrokenLinksTest" name="validateBrokeImage" time="1.119"/>
  <testcase classname="org.Tests.BrokenLinksTest" name="validateBrokenLink" time="0.442"/>
  <testcase classname="org.Tests.BrokenLinksTest" name="validateImage" time="0.233"/>
  <testcase classname="org.Tests.BrokenLinksTest" name="validateLink" time="0.518"/>
</testsuite> <!-- Broken Links - Images -->
