<?xml version="1.0" encoding="UTF-8"?>
<!-- Generated by org.testng.reporters.JUnitXMLReporter -->
<testsuite ignored="0" hostname="DESKTOP-33S5R95" failures="0" tests="3" name="Buttons" time="17.371" errors="0" timestamp="2023-12-01T17:23:51 COT">
  <testcase classname="org.Tests.ButtonsPageTest" name="validateClickInABtn" time="0.361"/>
  <testcase classname="org.Tests.ButtonsPageTest" name="validateDoubleClickInABtn" time="1.61"/>
  <testcase classname="org.Tests.ButtonsPageTest" name="validateRightClickInABtn" time="0.385"/>
</testsuite> <!-- Buttons -->
