<?xml version="1.0" encoding="UTF-8"?>
<!-- Generated by org.testng.reporters.JUnitXMLReporter -->
<testsuite ignored="0" hostname="DESKTOP-33S5R95" failures="0" tests="3" name="Check Box" time="24.392" errors="0" timestamp="2023-12-01T17:22:45 COT">
  <testcase classname="org.Tests.CheckBoxPageTest" name="ValidateDesktopIsClicked" time="0.506"/>
  <testcase classname="org.Tests.CheckBoxPageTest" name="validateDocumentsIsClicked" time="2.275"/>
  <testcase classname="org.Tests.CheckBoxPageTest" name="validateDownloadsIsClicked" time="1.048"/>
</testsuite> <!-- Check Box -->
