<?xml version="1.0" encoding="UTF-8"?>
<!-- Generated by org.testng.reporters.JUnitXMLReporter -->
<testsuite ignored="0" hostname="DESKTOP-33S5R95" failures="0" tests="9" name="Droppable" time="13.893" errors="0" timestamp="2023-12-01T17:32:20 COT">
  <testcase classname="org.Tests.DroppableTest" name="isDraggableAcceptableDroppedToTarget" time="0.0">
    <skipped/>
  </testcase> <!-- isDraggableAcceptableDroppedToTarget -->
  <testcase classname="org.Tests.DroppableTest" name="isDraggableNotAcceptableDroppedToTarget" time="0.0">
    <skipped/>
  </testcase> <!-- isDraggableNotAcceptableDroppedToTarget -->
  <testcase classname="org.Tests.DroppableTest" name="isNoRevertDraggableDroppedToTarget" time="0.0">
    <skipped/>
  </testcase> <!-- isNoRevertDraggableDroppedToTarget -->
  <testcase classname="org.Tests.DroppableTest" name="isPreventDraggableDroppedToGreedyInnerTarget" time="0.0">
    <skipped/>
  </testcase> <!-- isPreventDraggableDroppedToGreedyInnerTarget -->
  <testcase classname="org.Tests.DroppableTest" name="isPreventDraggableDroppedToGreedyTarget" time="0.0">
    <skipped/>
  </testcase> <!-- isPreventDraggableDroppedToGreedyTarget -->
  <testcase classname="org.Tests.DroppableTest" name="isPreventDraggableDroppedToNotGreedyInnerTarget" time="0.0">
    <skipped/>
  </testcase> <!-- isPreventDraggableDroppedToNotGreedyInnerTarget -->
  <testcase classname="org.Tests.DroppableTest" name="isPreventDraggableDroppedToNotGreedyTarget" time="0.0">
    <skipped/>
  </testcase> <!-- isPreventDraggableDroppedToNotGreedyTarget -->
  <testcase classname="org.Tests.DroppableTest" name="isRevertDraggableDroppedToTarget" time="0.0">
    <skipped/>
  </testcase> <!-- isRevertDraggableDroppedToTarget -->
  <testcase classname="org.Tests.DroppableTest" name="isSimpleDraggableDroppedToTarget" time="0.001">
    <skipped/>
  </testcase> <!-- isSimpleDraggableDroppedToTarget -->
</testsuite> <!-- Droppable -->
