<?xml version="1.0" encoding="UTF-8"?>
<!-- Generated by org.testng.reporters.JUnitXMLReporter -->
<testsuite ignored="0" hostname="DESKTOP-33S5R95" failures="0" tests="3" name="Dynamic Properties" time="24.519" errors="0" timestamp="2023-12-01T17:25:40 COT">
  <testcase classname="org.Tests.DynamicPropertiesTest" name="validateFirstButtonIsEnable" time="5.384"/>
  <testcase classname="org.Tests.DynamicPropertiesTest" name="validateSecondButtonTextColorChange" time="0.043"/>
  <testcase classname="org.Tests.DynamicPropertiesTest" name="validateThirdButtonIsVisible" time="0.084"/>
</testsuite> <!-- Dynamic Properties -->
