<?xml version="1.0" encoding="UTF-8"?>
<!-- Generated by org.testng.reporters.JUnitXMLReporter -->
<testsuite ignored="0" hostname="DESKTOP-33S5R95" failures="0" tests="8" name="Menu" time="51.174" errors="0" timestamp="2023-12-01T17:30:48 COT">
  <testcase classname="org.Tests.MenuTest" name="validateMainItem1IsVisible" time="0.055"/>
  <testcase classname="org.Tests.MenuTest" name="validateMainItem2IsVisible" time="0.05"/>
  <testcase classname="org.Tests.MenuTest" name="validateMainItem3IsVisible" time="0.07"/>
  <testcase classname="org.Tests.MenuTest" name="validateSubItem1IsVisible" time="0.619"/>
  <testcase classname="org.Tests.MenuTest" name="validateSubItem2IsVisible" time="0.248"/>
  <testcase classname="org.Tests.MenuTest" name="validateSubSubItem1IsVisible" time="0.503"/>
  <testcase classname="org.Tests.MenuTest" name="validateSubSubItem2IsVisible" time="0.463"/>
  <testcase classname="org.Tests.MenuTest" name="validateSubSubListIsVisible" time="0.204"/>
</testsuite> <!-- Menu -->
