<?xml version="1.0" encoding="UTF-8"?>
<!-- Generated by org.testng.reporters.JUnitXMLReporter -->
<testsuite ignored="0" hostname="DESKTOP-33S5R95" failures="0" tests="3" name="Radio Button" time="21.824" errors="0" timestamp="2023-12-01T17:23:07 COT">
  <testcase classname="org.Tests.RadioButtonPageTest" name="validateDisabledRadioButton" time="0.872"/>
  <testcase classname="org.Tests.RadioButtonPageTest" name="validateImpressiveRadioButton" time="0.426"/>
  <testcase classname="org.Tests.RadioButtonPageTest" name="validateYesRadioButton" time="0.299"/>
</testsuite> <!-- Radio Button -->
