<?xml version="1.0" encoding="UTF-8"?>
<!-- Generated by org.testng.reporters.JUnitXMLReporter -->
<testsuite ignored="0" hostname="DESKTOP-33S5R95" failures="0" tests="5" name="Tabs" time="25.334" errors="0" timestamp="2023-12-01T17:29:20 COT">
  <testcase classname="org.Tests.TabsTest" name="subtitleIsShowed" time="0.456"/>
  <testcase classname="org.Tests.TabsTest" name="tabMoreIsDisabled" time="0.089"/>
  <testcase classname="org.Tests.TabsTest" name="tabOriginParagraphIsDisplayed" time="0.237"/>
  <testcase classname="org.Tests.TabsTest" name="tabUseParagraphIsDisplayed" time="0.438"/>
  <testcase classname="org.Tests.TabsTest" name="tabWhatParagraphIsDisplayed" time="0.208"/>
</testsuite> <!-- Tabs -->
