<?xml version="1.0" encoding="UTF-8"?>
<testng-results ignored="0" total="30" passed="30" failed="0" skipped="0">
  <reporter-output>
  </reporter-output>
  <suite started-at="2024-01-05T14:13:51 COT" name="Suite2" finished-at="2024-01-05T14:27:39 COT" duration-ms="827775">
    <groups>
    </groups>
    <test started-at="2024-01-05T14:13:51 COT" name="Form" finished-at="2024-01-05T14:27:39 COT" duration-ms="827775">
      <class name="org.Tests.PracticeFormPageTest">
        <test-method is-config="true" signature="homePage()[pri:0, instance:org.Tests.PracticeFormPageTest@27eedb64]" started-at="2024-01-05T14:13:52 COT" name="homePage" finished-at="2024-01-05T14:15:02 COT" duration-ms="70020" status="PASS">
          <reporter-output>
          </reporter-output>
        </test-method> <!-- homePage -->
        <test-method is-config="true" signature="initializeClass()[pri:0, instance:org.Tests.PracticeFormPageTest@27eedb64]" started-at="2024-01-05T14:15:02 COT" name="initializeClass" finished-at="2024-01-05T14:15:04 COT" duration-ms="2155" status="PASS">
          <reporter-output>
          </reporter-output>
        </test-method> <!-- initializeClass -->
        <test-method signature="validateBorderColorOfBirthDateField()[pri:0, instance:org.Tests.PracticeFormPageTest@27eedb64]" started-at="2024-01-05T14:15:04 COT" name="validateBorderColorOfBirthDateField" finished-at="2024-01-05T14:15:18 COT" duration-ms="13494" status="PASS">
          <reporter-output>
          </reporter-output>
        </test-method> <!-- validateBorderColorOfBirthDateField -->
        <test-method is-config="true" signature="close()[pri:0, instance:org.Tests.PracticeFormPageTest@27eedb64]" started-at="2024-01-05T14:15:18 COT" name="close" finished-at="2024-01-05T14:15:22 COT" duration-ms="4344" status="PASS">
          <reporter-output>
          </reporter-output>
        </test-method> <!-- close -->
        <test-method is-config="true" signature="homePage()[pri:0, instance:org.Tests.PracticeFormPageTest@27eedb64]" started-at="2024-01-05T14:15:22 COT" name="homePage" finished-at="2024-01-05T14:16:13 COT" duration-ms="50820" status="PASS">
          <reporter-output>
          </reporter-output>
        </test-method> <!-- homePage -->
        <test-method is-config="true" signature="initializeClass()[pri:0, instance:org.Tests.PracticeFormPageTest@27eedb64]" started-at="2024-01-05T14:16:13 COT" name="initializeClass" finished-at="2024-01-05T14:16:15 COT" duration-ms="1764" status="PASS">
          <reporter-output>
          </reporter-output>
        </test-method> <!-- initializeClass -->
        <test-method signature="validateBorderColorOfCurrentAddressField()[pri:0, instance:org.Tests.PracticeFormPageTest@27eedb64]" started-at="2024-01-05T14:16:15 COT" name="validateBorderColorOfCurrentAddressField" finished-at="2024-01-05T14:16:16 COT" duration-ms="1476" status="PASS">
          <reporter-output>
          </reporter-output>
        </test-method> <!-- validateBorderColorOfCurrentAddressField -->
        <test-method is-config="true" signature="close()[pri:0, instance:org.Tests.PracticeFormPageTest@27eedb64]" started-at="2024-01-05T14:16:16 COT" name="close" finished-at="2024-01-05T14:16:17 COT" duration-ms="879" status="PASS">
          <reporter-output>
          </reporter-output>
        </test-method> <!-- close -->
        <test-method is-config="true" signature="homePage()[pri:0, instance:org.Tests.PracticeFormPageTest@27eedb64]" started-at="2024-01-05T14:16:17 COT" name="homePage" finished-at="2024-01-05T14:16:45 COT" duration-ms="27840" status="PASS">
          <reporter-output>
          </reporter-output>
        </test-method> <!-- homePage -->
        <test-method is-config="true" signature="initializeClass()[pri:0, instance:org.Tests.PracticeFormPageTest@27eedb64]" started-at="2024-01-05T14:16:45 COT" name="initializeClass" finished-at="2024-01-05T14:16:47 COT" duration-ms="1863" status="PASS">
          <reporter-output>
          </reporter-output>
        </test-method> <!-- initializeClass -->
        <test-method signature="validateBorderColorOfEmailField()[pri:0, instance:org.Tests.PracticeFormPageTest@27eedb64]" started-at="2024-01-05T14:16:47 COT" name="validateBorderColorOfEmailField" finished-at="2024-01-05T14:16:51 COT" duration-ms="4683" status="PASS">
          <reporter-output>
          </reporter-output>
        </test-method> <!-- validateBorderColorOfEmailField -->
        <test-method is-config="true" signature="close()[pri:0, instance:org.Tests.PracticeFormPageTest@27eedb64]" started-at="2024-01-05T14:16:51 COT" name="close" finished-at="2024-01-05T14:16:53 COT" duration-ms="1437" status="PASS">
          <reporter-output>
          </reporter-output>
        </test-method> <!-- close -->
        <test-method is-config="true" signature="homePage()[pri:0, instance:org.Tests.PracticeFormPageTest@27eedb64]" started-at="2024-01-05T14:16:53 COT" name="homePage" finished-at="2024-01-05T14:17:32 COT" duration-ms="39203" status="PASS">
          <reporter-output>
          </reporter-output>
        </test-method> <!-- homePage -->
        <test-method is-config="true" signature="initializeClass()[pri:0, instance:org.Tests.PracticeFormPageTest@27eedb64]" started-at="2024-01-05T14:17:32 COT" name="initializeClass" finished-at="2024-01-05T14:17:34 COT" duration-ms="2088" status="PASS">
          <reporter-output>
          </reporter-output>
        </test-method> <!-- initializeClass -->
        <test-method signature="validateBorderColorOfFirstNameField()[pri:0, instance:org.Tests.PracticeFormPageTest@27eedb64]" started-at="2024-01-05T14:17:34 COT" name="validateBorderColorOfFirstNameField" finished-at="2024-01-05T14:17:39 COT" duration-ms="5255" status="PASS">
          <reporter-output>
          </reporter-output>
        </test-method> <!-- validateBorderColorOfFirstNameField -->
        <test-method is-config="true" signature="close()[pri:0, instance:org.Tests.PracticeFormPageTest@27eedb64]" started-at="2024-01-05T14:17:39 COT" name="close" finished-at="2024-01-05T14:17:41 COT" duration-ms="1908" status="PASS">
          <reporter-output>
          </reporter-output>
        </test-method> <!-- close -->
        <test-method is-config="true" signature="homePage()[pri:0, instance:org.Tests.PracticeFormPageTest@27eedb64]" started-at="2024-01-05T14:17:41 COT" name="homePage" finished-at="2024-01-05T14:18:00 COT" duration-ms="18679" status="PASS">
          <reporter-output>
          </reporter-output>
        </test-method> <!-- homePage -->
        <test-method is-config="true" signature="initializeClass()[pri:0, instance:org.Tests.PracticeFormPageTest@27eedb64]" started-at="2024-01-05T14:18:00 COT" name="initializeClass" finished-at="2024-01-05T14:18:01 COT" duration-ms="1208" status="PASS">
          <reporter-output>
          </reporter-output>
        </test-method> <!-- initializeClass -->
        <test-method signature="validateBorderColorOfGenderRadioButtonsField()[pri:0, instance:org.Tests.PracticeFormPageTest@27eedb64]" started-at="2024-01-05T14:18:01 COT" name="validateBorderColorOfGenderRadioButtonsField" finished-at="2024-01-05T14:18:03 COT" duration-ms="1367" status="PASS">
          <reporter-output>
          </reporter-output>
        </test-method> <!-- validateBorderColorOfGenderRadioButtonsField -->
        <test-method is-config="true" signature="close()[pri:0, instance:org.Tests.PracticeFormPageTest@27eedb64]" started-at="2024-01-05T14:18:03 COT" name="close" finished-at="2024-01-05T14:18:03 COT" duration-ms="591" status="PASS">
          <reporter-output>
          </reporter-output>
        </test-method> <!-- close -->
        <test-method is-config="true" signature="homePage()[pri:0, instance:org.Tests.PracticeFormPageTest@27eedb64]" started-at="2024-01-05T14:18:03 COT" name="homePage" finished-at="2024-01-05T14:18:17 COT" duration-ms="14251" status="PASS">
          <reporter-output>
          </reporter-output>
        </test-method> <!-- homePage -->
        <test-method is-config="true" signature="initializeClass()[pri:0, instance:org.Tests.PracticeFormPageTest@27eedb64]" started-at="2024-01-05T14:18:17 COT" name="initializeClass" finished-at="2024-01-05T14:18:18 COT" duration-ms="1072" status="PASS">
          <reporter-output>
          </reporter-output>
        </test-method> <!-- initializeClass -->
        <test-method signature="validateBorderColorOfLastNameField()[pri:0, instance:org.Tests.PracticeFormPageTest@27eedb64]" started-at="2024-01-05T14:18:18 COT" name="validateBorderColorOfLastNameField" finished-at="2024-01-05T14:18:30 COT" duration-ms="11658" status="PASS">
          <reporter-output>
          </reporter-output>
        </test-method> <!-- validateBorderColorOfLastNameField -->
        <test-method is-config="true" signature="close()[pri:0, instance:org.Tests.PracticeFormPageTest@27eedb64]" started-at="2024-01-05T14:18:30 COT" name="close" finished-at="2024-01-05T14:18:31 COT" duration-ms="749" status="PASS">
          <reporter-output>
          </reporter-output>
        </test-method> <!-- close -->
        <test-method is-config="true" signature="homePage()[pri:0, instance:org.Tests.PracticeFormPageTest@27eedb64]" started-at="2024-01-05T14:18:31 COT" name="homePage" finished-at="2024-01-05T14:18:45 COT" duration-ms="14011" status="PASS">
          <reporter-output>
          </reporter-output>
        </test-method> <!-- homePage -->
        <test-method is-config="true" signature="initializeClass()[pri:0, instance:org.Tests.PracticeFormPageTest@27eedb64]" started-at="2024-01-05T14:18:45 COT" name="initializeClass" finished-at="2024-01-05T14:18:46 COT" duration-ms="1450" status="PASS">
          <reporter-output>
          </reporter-output>
        </test-method> <!-- initializeClass -->
        <test-method signature="validateBorderColorOfMobileField()[pri:0, instance:org.Tests.PracticeFormPageTest@27eedb64]" started-at="2024-01-05T14:18:46 COT" name="validateBorderColorOfMobileField" finished-at="2024-01-05T14:18:48 COT" duration-ms="1786" status="PASS">
          <reporter-output>
          </reporter-output>
        </test-method> <!-- validateBorderColorOfMobileField -->
        <test-method is-config="true" signature="close()[pri:0, instance:org.Tests.PracticeFormPageTest@27eedb64]" started-at="2024-01-05T14:18:48 COT" name="close" finished-at="2024-01-05T14:18:49 COT" duration-ms="592" status="PASS">
          <reporter-output>
          </reporter-output>
        </test-method> <!-- close -->
        <test-method is-config="true" signature="homePage()[pri:0, instance:org.Tests.PracticeFormPageTest@27eedb64]" started-at="2024-01-05T14:18:49 COT" name="homePage" finished-at="2024-01-05T14:19:05 COT" duration-ms="15828" status="PASS">
          <reporter-output>
          </reporter-output>
        </test-method> <!-- homePage -->
        <test-method is-config="true" signature="initializeClass()[pri:0, instance:org.Tests.PracticeFormPageTest@27eedb64]" started-at="2024-01-05T14:19:05 COT" name="initializeClass" finished-at="2024-01-05T14:19:07 COT" duration-ms="2347" status="PASS">
          <reporter-output>
          </reporter-output>
        </test-method> <!-- initializeClass -->
        <test-method signature="validateBorderColorOfMusicCheckboxButton()[pri:0, instance:org.Tests.PracticeFormPageTest@27eedb64]" started-at="2024-01-05T14:19:07 COT" name="validateBorderColorOfMusicCheckboxButton" finished-at="2024-01-05T14:19:08 COT" duration-ms="768" status="PASS">
          <reporter-output>
          </reporter-output>
        </test-method> <!-- validateBorderColorOfMusicCheckboxButton -->
        <test-method is-config="true" signature="close()[pri:0, instance:org.Tests.PracticeFormPageTest@27eedb64]" started-at="2024-01-05T14:19:08 COT" name="close" finished-at="2024-01-05T14:19:09 COT" duration-ms="1091" status="PASS">
          <reporter-output>
          </reporter-output>
        </test-method> <!-- close -->
        <test-method is-config="true" signature="homePage()[pri:0, instance:org.Tests.PracticeFormPageTest@27eedb64]" started-at="2024-01-05T14:19:09 COT" name="homePage" finished-at="2024-01-05T14:19:27 COT" duration-ms="18543" status="PASS">
          <reporter-output>
          </reporter-output>
        </test-method> <!-- homePage -->
        <test-method is-config="true" signature="initializeClass()[pri:0, instance:org.Tests.PracticeFormPageTest@27eedb64]" started-at="2024-01-05T14:19:27 COT" name="initializeClass" finished-at="2024-01-05T14:19:30 COT" duration-ms="2287" status="PASS">
          <reporter-output>
          </reporter-output>
        </test-method> <!-- initializeClass -->
        <test-method signature="validateBorderColorOfReadingCheckboxButton()[pri:0, instance:org.Tests.PracticeFormPageTest@27eedb64]" started-at="2024-01-05T14:19:30 COT" name="validateBorderColorOfReadingCheckboxButton" finished-at="2024-01-05T14:19:31 COT" duration-ms="1097" status="PASS">
          <reporter-output>
          </reporter-output>
        </test-method> <!-- validateBorderColorOfReadingCheckboxButton -->
        <test-method is-config="true" signature="close()[pri:0, instance:org.Tests.PracticeFormPageTest@27eedb64]" started-at="2024-01-05T14:19:31 COT" name="close" finished-at="2024-01-05T14:19:32 COT" duration-ms="934" status="PASS">
          <reporter-output>
          </reporter-output>
        </test-method> <!-- close -->
        <test-method is-config="true" signature="homePage()[pri:0, instance:org.Tests.PracticeFormPageTest@27eedb64]" started-at="2024-01-05T14:19:32 COT" name="homePage" finished-at="2024-01-05T14:19:51 COT" duration-ms="19796" status="PASS">
          <reporter-output>
          </reporter-output>
        </test-method> <!-- homePage -->
        <test-method is-config="true" signature="initializeClass()[pri:0, instance:org.Tests.PracticeFormPageTest@27eedb64]" started-at="2024-01-05T14:19:51 COT" name="initializeClass" finished-at="2024-01-05T14:19:54 COT" duration-ms="2561" status="PASS">
          <reporter-output>
          </reporter-output>
        </test-method> <!-- initializeClass -->
        <test-method signature="validateBorderColorOfSportsCheckboxButton()[pri:0, instance:org.Tests.PracticeFormPageTest@27eedb64]" started-at="2024-01-05T14:19:54 COT" name="validateBorderColorOfSportsCheckboxButton" finished-at="2024-01-05T14:19:55 COT" duration-ms="988" status="PASS">
          <reporter-output>
          </reporter-output>
        </test-method> <!-- validateBorderColorOfSportsCheckboxButton -->
        <test-method is-config="true" signature="close()[pri:0, instance:org.Tests.PracticeFormPageTest@27eedb64]" started-at="2024-01-05T14:19:55 COT" name="close" finished-at="2024-01-05T14:19:56 COT" duration-ms="868" status="PASS">
          <reporter-output>
          </reporter-output>
        </test-method> <!-- close -->
        <test-method is-config="true" signature="homePage()[pri:0, instance:org.Tests.PracticeFormPageTest@27eedb64]" started-at="2024-01-05T14:19:56 COT" name="homePage" finished-at="2024-01-05T14:20:12 COT" duration-ms="16599" status="PASS">
          <reporter-output>
          </reporter-output>
        </test-method> <!-- homePage -->
        <test-method is-config="true" signature="initializeClass()[pri:0, instance:org.Tests.PracticeFormPageTest@27eedb64]" started-at="2024-01-05T14:20:12 COT" name="initializeClass" finished-at="2024-01-05T14:20:15 COT" duration-ms="2529" status="PASS">
          <reporter-output>
          </reporter-output>
        </test-method> <!-- initializeClass -->
        <test-method signature="validateCorrectPageTitle()[pri:0, instance:org.Tests.PracticeFormPageTest@27eedb64]" started-at="2024-01-05T14:20:15 COT" name="validateCorrectPageTitle" finished-at="2024-01-05T14:20:18 COT" duration-ms="3462" status="PASS">
          <reporter-output>
          </reporter-output>
        </test-method> <!-- validateCorrectPageTitle -->
        <test-method is-config="true" signature="close()[pri:0, instance:org.Tests.PracticeFormPageTest@27eedb64]" started-at="2024-01-05T14:20:18 COT" name="close" finished-at="2024-01-05T14:20:20 COT" duration-ms="1180" status="PASS">
          <reporter-output>
          </reporter-output>
        </test-method> <!-- close -->
        <test-method is-config="true" signature="homePage()[pri:0, instance:org.Tests.PracticeFormPageTest@27eedb64]" started-at="2024-01-05T14:20:20 COT" name="homePage" finished-at="2024-01-05T14:20:45 COT" duration-ms="25119" status="PASS">
          <reporter-output>
          </reporter-output>
        </test-method> <!-- homePage -->
        <test-method is-config="true" signature="initializeClass()[pri:0, instance:org.Tests.PracticeFormPageTest@27eedb64]" started-at="2024-01-05T14:20:45 COT" name="initializeClass" finished-at="2024-01-05T14:20:48 COT" duration-ms="3726" status="PASS">
          <reporter-output>
          </reporter-output>
        </test-method> <!-- initializeClass -->
        <test-method signature="validateCorrectRegisterValues(java.lang.String,java.lang.String,java.lang.String,java.lang.String,java.lang.String,java.lang.String,java.lang.String,java.lang.String,java.lang.String,java.lang.String)[pri:0, instance:org.Tests.PracticeFormPageTest@27eedb64]" started-at="2024-01-05T14:20:48 COT" name="validateCorrectRegisterValues" finished-at="2024-01-05T14:21:26 COT" duration-ms="37334" status="PASS">
          <params>
            <param index="0">
              <value>
                <![CDATA[name]]>
              </value>
            </param>
            <param index="1">
              <value>
                <![CDATA[lastname]]>
              </value>
            </param>
            <param index="2">
              <value>
                <![CDATA[email@test.qaz]]>
              </value>
            </param>
            <param index="3">
              <value>
                <![CDATA[Other]]>
              </value>
            </param>
            <param index="4">
              <value>
                <![CDATA[1234567891]]>
              </value>
            </param>
            <param index="5">
              <value>
                <![CDATA[February]]>
              </value>
            </param>
            <param index="6">
              <value>
                <![CDATA[11]]>
              </value>
            </param>
            <param index="7">
              <value>
                <![CDATA[2004]]>
              </value>
            </param>
            <param index="8">
              <value>
                <![CDATA[Maths]]>
              </value>
            </param>
            <param index="9">
              <value>
                <![CDATA[Lorem Ipsum is simply dummy text of the printing and typesetting industry. Lorem Ipsum has been the industry's standard dummy text ever since the 1500s, when an unknown printer took a galley of type and scrambled it to make a type specimen book. It has survived not only five centuries, but also the leap into electronic typesetting, remaining essentially unchanged. It was popularised in the 1960s with the release of Letraset sheets containing Lorem Ipsum passages, and more recently with desktop publishing software like Aldus PageMaker including versions of Lorem Ipsum.]]>
              </value>
            </param>
          </params>
          <reporter-output>
          </reporter-output>
        </test-method> <!-- validateCorrectRegisterValues -->
        <test-method is-config="true" signature="close()[pri:0, instance:org.Tests.PracticeFormPageTest@27eedb64]" started-at="2024-01-05T14:21:26 COT" name="close" finished-at="2024-01-05T14:21:29 COT" duration-ms="3634" status="PASS">
          <reporter-output>
          </reporter-output>
        </test-method> <!-- close -->
        <test-method is-config="true" signature="homePage()[pri:0, instance:org.Tests.PracticeFormPageTest@27eedb64]" started-at="2024-01-05T14:21:29 COT" name="homePage" finished-at="2024-01-05T14:21:54 COT" duration-ms="24374" status="PASS">
          <reporter-output>
          </reporter-output>
        </test-method> <!-- homePage -->
        <test-method is-config="true" signature="initializeClass()[pri:0, instance:org.Tests.PracticeFormPageTest@27eedb64]" started-at="2024-01-05T14:21:54 COT" name="initializeClass" finished-at="2024-01-05T14:21:55 COT" duration-ms="1054" status="PASS">
          <reporter-output>
          </reporter-output>
        </test-method> <!-- initializeClass -->
        <test-method signature="validateLabelBirthDate()[pri:0, instance:org.Tests.PracticeFormPageTest@27eedb64]" started-at="2024-01-05T14:21:55 COT" name="validateLabelBirthDate" finished-at="2024-01-05T14:21:55 COT" duration-ms="616" status="PASS">
          <reporter-output>
          </reporter-output>
        </test-method> <!-- validateLabelBirthDate -->
        <test-method is-config="true" signature="close()[pri:0, instance:org.Tests.PracticeFormPageTest@27eedb64]" started-at="2024-01-05T14:21:55 COT" name="close" finished-at="2024-01-05T14:21:57 COT" duration-ms="1380" status="PASS">
          <reporter-output>
          </reporter-output>
        </test-method> <!-- close -->
        <test-method is-config="true" signature="homePage()[pri:0, instance:org.Tests.PracticeFormPageTest@27eedb64]" started-at="2024-01-05T14:21:57 COT" name="homePage" finished-at="2024-01-05T14:22:14 COT" duration-ms="17413" status="PASS">
          <reporter-output>
          </reporter-output>
        </test-method> <!-- homePage -->
        <test-method is-config="true" signature="initializeClass()[pri:0, instance:org.Tests.PracticeFormPageTest@27eedb64]" started-at="2024-01-05T14:22:14 COT" name="initializeClass" finished-at="2024-01-05T14:22:16 COT" duration-ms="1544" status="PASS">
          <reporter-output>
          </reporter-output>
        </test-method> <!-- initializeClass -->
        <test-method signature="validateLabelCurrentAddress()[pri:0, instance:org.Tests.PracticeFormPageTest@27eedb64]" started-at="2024-01-05T14:22:16 COT" name="validateLabelCurrentAddress" finished-at="2024-01-05T14:22:16 COT" duration-ms="250" status="PASS">
          <reporter-output>
          </reporter-output>
        </test-method> <!-- validateLabelCurrentAddress -->
        <test-method is-config="true" signature="close()[pri:0, instance:org.Tests.PracticeFormPageTest@27eedb64]" started-at="2024-01-05T14:22:16 COT" name="close" finished-at="2024-01-05T14:22:17 COT" duration-ms="569" status="PASS">
          <reporter-output>
          </reporter-output>
        </test-method> <!-- close -->
        <test-method is-config="true" signature="homePage()[pri:0, instance:org.Tests.PracticeFormPageTest@27eedb64]" started-at="2024-01-05T14:22:17 COT" name="homePage" finished-at="2024-01-05T14:22:32 COT" duration-ms="15616" status="PASS">
          <reporter-output>
          </reporter-output>
        </test-method> <!-- homePage -->
        <test-method is-config="true" signature="initializeClass()[pri:0, instance:org.Tests.PracticeFormPageTest@27eedb64]" started-at="2024-01-05T14:22:32 COT" name="initializeClass" finished-at="2024-01-05T14:22:33 COT" duration-ms="930" status="PASS">
          <reporter-output>
          </reporter-output>
        </test-method> <!-- initializeClass -->
        <test-method signature="validateLabelEmail()[pri:0, instance:org.Tests.PracticeFormPageTest@27eedb64]" started-at="2024-01-05T14:22:33 COT" name="validateLabelEmail" finished-at="2024-01-05T14:22:34 COT" duration-ms="550" status="PASS">
          <reporter-output>
          </reporter-output>
        </test-method> <!-- validateLabelEmail -->
        <test-method is-config="true" signature="close()[pri:0, instance:org.Tests.PracticeFormPageTest@27eedb64]" started-at="2024-01-05T14:22:34 COT" name="close" finished-at="2024-01-05T14:22:34 COT" duration-ms="587" status="PASS">
          <reporter-output>
          </reporter-output>
        </test-method> <!-- close -->
        <test-method is-config="true" signature="homePage()[pri:0, instance:org.Tests.PracticeFormPageTest@27eedb64]" started-at="2024-01-05T14:22:34 COT" name="homePage" finished-at="2024-01-05T14:22:51 COT" duration-ms="16799" status="PASS">
          <reporter-output>
          </reporter-output>
        </test-method> <!-- homePage -->
        <test-method is-config="true" signature="initializeClass()[pri:0, instance:org.Tests.PracticeFormPageTest@27eedb64]" started-at="2024-01-05T14:22:51 COT" name="initializeClass" finished-at="2024-01-05T14:22:53 COT" duration-ms="2351" status="PASS">
          <reporter-output>
          </reporter-output>
        </test-method> <!-- initializeClass -->
        <test-method signature="validateLabelGender()[pri:0, instance:org.Tests.PracticeFormPageTest@27eedb64]" started-at="2024-01-05T14:22:53 COT" name="validateLabelGender" finished-at="2024-01-05T14:22:54 COT" duration-ms="141" status="PASS">
          <reporter-output>
          </reporter-output>
        </test-method> <!-- validateLabelGender -->
        <test-method is-config="true" signature="close()[pri:0, instance:org.Tests.PracticeFormPageTest@27eedb64]" started-at="2024-01-05T14:22:54 COT" name="close" finished-at="2024-01-05T14:22:55 COT" duration-ms="1073" status="PASS">
          <reporter-output>
          </reporter-output>
        </test-method> <!-- close -->
        <test-method is-config="true" signature="homePage()[pri:0, instance:org.Tests.PracticeFormPageTest@27eedb64]" started-at="2024-01-05T14:22:55 COT" name="homePage" finished-at="2024-01-05T14:23:09 COT" duration-ms="14493" status="PASS">
          <reporter-output>
          </reporter-output>
        </test-method> <!-- homePage -->
        <test-method is-config="true" signature="initializeClass()[pri:0, instance:org.Tests.PracticeFormPageTest@27eedb64]" started-at="2024-01-05T14:23:09 COT" name="initializeClass" finished-at="2024-01-05T14:23:11 COT" duration-ms="1632" status="PASS">
          <reporter-output>
          </reporter-output>
        </test-method> <!-- initializeClass -->
        <test-method signature="validateLabelHobbies()[pri:0, instance:org.Tests.PracticeFormPageTest@27eedb64]" started-at="2024-01-05T14:23:11 COT" name="validateLabelHobbies" finished-at="2024-01-05T14:23:11 COT" duration-ms="169" status="PASS">
          <reporter-output>
          </reporter-output>
        </test-method> <!-- validateLabelHobbies -->
        <test-method is-config="true" signature="close()[pri:0, instance:org.Tests.PracticeFormPageTest@27eedb64]" started-at="2024-01-05T14:23:11 COT" name="close" finished-at="2024-01-05T14:23:12 COT" duration-ms="924" status="PASS">
          <reporter-output>
          </reporter-output>
        </test-method> <!-- close -->
        <test-method is-config="true" signature="homePage()[pri:0, instance:org.Tests.PracticeFormPageTest@27eedb64]" started-at="2024-01-05T14:23:12 COT" name="homePage" finished-at="2024-01-05T14:23:30 COT" duration-ms="18178" status="PASS">
          <reporter-output>
          </reporter-output>
        </test-method> <!-- homePage -->
        <test-method is-config="true" signature="initializeClass()[pri:0, instance:org.Tests.PracticeFormPageTest@27eedb64]" started-at="2024-01-05T14:23:30 COT" name="initializeClass" finished-at="2024-01-05T14:23:31 COT" duration-ms="1306" status="PASS">
          <reporter-output>
          </reporter-output>
        </test-method> <!-- initializeClass -->
        <test-method signature="validateLabelMobile()[pri:0, instance:org.Tests.PracticeFormPageTest@27eedb64]" started-at="2024-01-05T14:23:31 COT" name="validateLabelMobile" finished-at="2024-01-05T14:23:32 COT" duration-ms="577" status="PASS">
          <reporter-output>
          </reporter-output>
        </test-method> <!-- validateLabelMobile -->
        <test-method is-config="true" signature="close()[pri:0, instance:org.Tests.PracticeFormPageTest@27eedb64]" started-at="2024-01-05T14:23:32 COT" name="close" finished-at="2024-01-05T14:23:33 COT" duration-ms="862" status="PASS">
          <reporter-output>
          </reporter-output>
        </test-method> <!-- close -->
        <test-method is-config="true" signature="homePage()[pri:0, instance:org.Tests.PracticeFormPageTest@27eedb64]" started-at="2024-01-05T14:23:33 COT" name="homePage" finished-at="2024-01-05T14:23:49 COT" duration-ms="15773" status="PASS">
          <reporter-output>
          </reporter-output>
        </test-method> <!-- homePage -->
        <test-method is-config="true" signature="initializeClass()[pri:0, instance:org.Tests.PracticeFormPageTest@27eedb64]" started-at="2024-01-05T14:23:49 COT" name="initializeClass" finished-at="2024-01-05T14:23:50 COT" duration-ms="1137" status="PASS">
          <reporter-output>
          </reporter-output>
        </test-method> <!-- initializeClass -->
        <test-method signature="validateLabelName()[pri:0, instance:org.Tests.PracticeFormPageTest@27eedb64]" started-at="2024-01-05T14:23:50 COT" name="validateLabelName" finished-at="2024-01-05T14:23:50 COT" duration-ms="251" status="PASS">
          <reporter-output>
          </reporter-output>
        </test-method> <!-- validateLabelName -->
        <test-method is-config="true" signature="close()[pri:0, instance:org.Tests.PracticeFormPageTest@27eedb64]" started-at="2024-01-05T14:23:50 COT" name="close" finished-at="2024-01-05T14:23:51 COT" duration-ms="1371" status="PASS">
          <reporter-output>
          </reporter-output>
        </test-method> <!-- close -->
        <test-method is-config="true" signature="homePage()[pri:0, instance:org.Tests.PracticeFormPageTest@27eedb64]" started-at="2024-01-05T14:23:51 COT" name="homePage" finished-at="2024-01-05T14:24:08 COT" duration-ms="16806" status="PASS">
          <reporter-output>
          </reporter-output>
        </test-method> <!-- homePage -->
        <test-method is-config="true" signature="initializeClass()[pri:0, instance:org.Tests.PracticeFormPageTest@27eedb64]" started-at="2024-01-05T14:24:08 COT" name="initializeClass" finished-at="2024-01-05T14:24:09 COT" duration-ms="1009" status="PASS">
          <reporter-output>
          </reporter-output>
        </test-method> <!-- initializeClass -->
        <test-method signature="validateLabelPicture()[pri:0, instance:org.Tests.PracticeFormPageTest@27eedb64]" started-at="2024-01-05T14:24:09 COT" name="validateLabelPicture" finished-at="2024-01-05T14:24:10 COT" duration-ms="753" status="PASS">
          <reporter-output>
          </reporter-output>
        </test-method> <!-- validateLabelPicture -->
        <test-method is-config="true" signature="close()[pri:0, instance:org.Tests.PracticeFormPageTest@27eedb64]" started-at="2024-01-05T14:24:10 COT" name="close" finished-at="2024-01-05T14:24:11 COT" duration-ms="829" status="PASS">
          <reporter-output>
          </reporter-output>
        </test-method> <!-- close -->
        <test-method is-config="true" signature="homePage()[pri:0, instance:org.Tests.PracticeFormPageTest@27eedb64]" started-at="2024-01-05T14:24:11 COT" name="homePage" finished-at="2024-01-05T14:24:28 COT" duration-ms="16750" status="PASS">
          <reporter-output>
          </reporter-output>
        </test-method> <!-- homePage -->
        <test-method is-config="true" signature="initializeClass()[pri:0, instance:org.Tests.PracticeFormPageTest@27eedb64]" started-at="2024-01-05T14:24:28 COT" name="initializeClass" finished-at="2024-01-05T14:24:29 COT" duration-ms="1183" status="PASS">
          <reporter-output>
          </reporter-output>
        </test-method> <!-- initializeClass -->
        <test-method signature="validateLabelSubjects()[pri:0, instance:org.Tests.PracticeFormPageTest@27eedb64]" started-at="2024-01-05T14:24:29 COT" name="validateLabelSubjects" finished-at="2024-01-05T14:24:30 COT" duration-ms="771" status="PASS">
          <reporter-output>
          </reporter-output>
        </test-method> <!-- validateLabelSubjects -->
        <test-method is-config="true" signature="close()[pri:0, instance:org.Tests.PracticeFormPageTest@27eedb64]" started-at="2024-01-05T14:24:30 COT" name="close" finished-at="2024-01-05T14:24:30 COT" duration-ms="672" status="PASS">
          <reporter-output>
          </reporter-output>
        </test-method> <!-- close -->
        <test-method is-config="true" signature="homePage()[pri:0, instance:org.Tests.PracticeFormPageTest@27eedb64]" started-at="2024-01-05T14:24:30 COT" name="homePage" finished-at="2024-01-05T14:24:47 COT" duration-ms="16589" status="PASS">
          <reporter-output>
          </reporter-output>
        </test-method> <!-- homePage -->
        <test-method is-config="true" signature="initializeClass()[pri:0, instance:org.Tests.PracticeFormPageTest@27eedb64]" started-at="2024-01-05T14:24:47 COT" name="initializeClass" finished-at="2024-01-05T14:24:48 COT" duration-ms="1326" status="PASS">
          <reporter-output>
          </reporter-output>
        </test-method> <!-- initializeClass -->
        <test-method signature="validateLabelsStateAndCity()[pri:0, instance:org.Tests.PracticeFormPageTest@27eedb64]" started-at="2024-01-05T14:24:48 COT" name="validateLabelsStateAndCity" finished-at="2024-01-05T14:24:49 COT" duration-ms="867" status="PASS">
          <reporter-output>
          </reporter-output>
        </test-method> <!-- validateLabelsStateAndCity -->
        <test-method is-config="true" signature="close()[pri:0, instance:org.Tests.PracticeFormPageTest@27eedb64]" started-at="2024-01-05T14:24:49 COT" name="close" finished-at="2024-01-05T14:24:49 COT" duration-ms="521" status="PASS">
          <reporter-output>
          </reporter-output>
        </test-method> <!-- close -->
        <test-method is-config="true" signature="homePage()[pri:0, instance:org.Tests.PracticeFormPageTest@27eedb64]" started-at="2024-01-05T14:24:49 COT" name="homePage" finished-at="2024-01-05T14:25:08 COT" duration-ms="18463" status="PASS">
          <reporter-output>
          </reporter-output>
        </test-method> <!-- homePage -->
        <test-method is-config="true" signature="initializeClass()[pri:0, instance:org.Tests.PracticeFormPageTest@27eedb64]" started-at="2024-01-05T14:25:08 COT" name="initializeClass" finished-at="2024-01-05T14:25:09 COT" duration-ms="996" status="PASS">
          <reporter-output>
          </reporter-output>
        </test-method> <!-- initializeClass -->
        <test-method signature="validatePlaceholderCityListBox()[pri:0, instance:org.Tests.PracticeFormPageTest@27eedb64]" started-at="2024-01-05T14:25:09 COT" name="validatePlaceholderCityListBox" finished-at="2024-01-05T14:25:09 COT" duration-ms="236" status="PASS">
          <reporter-output>
          </reporter-output>
        </test-method> <!-- validatePlaceholderCityListBox -->
        <test-method is-config="true" signature="close()[pri:0, instance:org.Tests.PracticeFormPageTest@27eedb64]" started-at="2024-01-05T14:25:09 COT" name="close" finished-at="2024-01-05T14:25:10 COT" duration-ms="913" status="PASS">
          <reporter-output>
          </reporter-output>
        </test-method> <!-- close -->
        <test-method is-config="true" signature="homePage()[pri:0, instance:org.Tests.PracticeFormPageTest@27eedb64]" started-at="2024-01-05T14:25:10 COT" name="homePage" finished-at="2024-01-05T14:25:27 COT" duration-ms="16453" status="PASS">
          <reporter-output>
          </reporter-output>
        </test-method> <!-- homePage -->
        <test-method is-config="true" signature="initializeClass()[pri:0, instance:org.Tests.PracticeFormPageTest@27eedb64]" started-at="2024-01-05T14:25:27 COT" name="initializeClass" finished-at="2024-01-05T14:25:31 COT" duration-ms="4386" status="PASS">
          <reporter-output>
          </reporter-output>
        </test-method> <!-- initializeClass -->
        <test-method signature="validatePlaceholderCurrentAddressField()[pri:0, instance:org.Tests.PracticeFormPageTest@27eedb64]" started-at="2024-01-05T14:25:31 COT" name="validatePlaceholderCurrentAddressField" finished-at="2024-01-05T14:25:31 COT" duration-ms="116" status="PASS">
          <reporter-output>
          </reporter-output>
        </test-method> <!-- validatePlaceholderCurrentAddressField -->
        <test-method is-config="true" signature="close()[pri:0, instance:org.Tests.PracticeFormPageTest@27eedb64]" started-at="2024-01-05T14:25:31 COT" name="close" finished-at="2024-01-05T14:25:32 COT" duration-ms="926" status="PASS">
          <reporter-output>
          </reporter-output>
        </test-method> <!-- close -->
        <test-method is-config="true" signature="homePage()[pri:0, instance:org.Tests.PracticeFormPageTest@27eedb64]" started-at="2024-01-05T14:25:32 COT" name="homePage" finished-at="2024-01-05T14:25:49 COT" duration-ms="16763" status="PASS">
          <reporter-output>
          </reporter-output>
        </test-method> <!-- homePage -->
        <test-method is-config="true" signature="initializeClass()[pri:0, instance:org.Tests.PracticeFormPageTest@27eedb64]" started-at="2024-01-05T14:25:49 COT" name="initializeClass" finished-at="2024-01-05T14:25:50 COT" duration-ms="1727" status="PASS">
          <reporter-output>
          </reporter-output>
        </test-method> <!-- initializeClass -->
        <test-method signature="validatePlaceholderEmailField()[pri:0, instance:org.Tests.PracticeFormPageTest@27eedb64]" started-at="2024-01-05T14:25:50 COT" name="validatePlaceholderEmailField" finished-at="2024-01-05T14:25:51 COT" duration-ms="97" status="PASS">
          <reporter-output>
          </reporter-output>
        </test-method> <!-- validatePlaceholderEmailField -->
        <test-method is-config="true" signature="close()[pri:0, instance:org.Tests.PracticeFormPageTest@27eedb64]" started-at="2024-01-05T14:25:51 COT" name="close" finished-at="2024-01-05T14:25:51 COT" duration-ms="822" status="PASS">
          <reporter-output>
          </reporter-output>
        </test-method> <!-- close -->
        <test-method is-config="true" signature="homePage()[pri:0, instance:org.Tests.PracticeFormPageTest@27eedb64]" started-at="2024-01-05T14:25:51 COT" name="homePage" finished-at="2024-01-05T14:26:06 COT" duration-ms="15089" status="PASS">
          <reporter-output>
          </reporter-output>
        </test-method> <!-- homePage -->
        <test-method is-config="true" signature="initializeClass()[pri:0, instance:org.Tests.PracticeFormPageTest@27eedb64]" started-at="2024-01-05T14:26:06 COT" name="initializeClass" finished-at="2024-01-05T14:26:08 COT" duration-ms="1460" status="PASS">
          <reporter-output>
          </reporter-output>
        </test-method> <!-- initializeClass -->
        <test-method signature="validatePlaceholderFirstNameField()[pri:0, instance:org.Tests.PracticeFormPageTest@27eedb64]" started-at="2024-01-05T14:26:08 COT" name="validatePlaceholderFirstNameField" finished-at="2024-01-05T14:26:08 COT" duration-ms="127" status="PASS">
          <reporter-output>
          </reporter-output>
        </test-method> <!-- validatePlaceholderFirstNameField -->
        <test-method is-config="true" signature="close()[pri:0, instance:org.Tests.PracticeFormPageTest@27eedb64]" started-at="2024-01-05T14:26:08 COT" name="close" finished-at="2024-01-05T14:26:09 COT" duration-ms="961" status="PASS">
          <reporter-output>
          </reporter-output>
        </test-method> <!-- close -->
        <test-method is-config="true" signature="homePage()[pri:0, instance:org.Tests.PracticeFormPageTest@27eedb64]" started-at="2024-01-05T14:26:09 COT" name="homePage" finished-at="2024-01-05T14:26:36 COT" duration-ms="26912" status="PASS">
          <reporter-output>
          </reporter-output>
        </test-method> <!-- homePage -->
        <test-method is-config="true" signature="initializeClass()[pri:0, instance:org.Tests.PracticeFormPageTest@27eedb64]" started-at="2024-01-05T14:26:36 COT" name="initializeClass" finished-at="2024-01-05T14:26:38 COT" duration-ms="2382" status="PASS">
          <reporter-output>
          </reporter-output>
        </test-method> <!-- initializeClass -->
        <test-method signature="validatePlaceholderLastNameField()[pri:0, instance:org.Tests.PracticeFormPageTest@27eedb64]" started-at="2024-01-05T14:26:38 COT" name="validatePlaceholderLastNameField" finished-at="2024-01-05T14:26:38 COT" duration-ms="151" status="PASS">
          <reporter-output>
          </reporter-output>
        </test-method> <!-- validatePlaceholderLastNameField -->
        <test-method is-config="true" signature="close()[pri:0, instance:org.Tests.PracticeFormPageTest@27eedb64]" started-at="2024-01-05T14:26:38 COT" name="close" finished-at="2024-01-05T14:26:39 COT" duration-ms="564" status="PASS">
          <reporter-output>
          </reporter-output>
        </test-method> <!-- close -->
        <test-method is-config="true" signature="homePage()[pri:0, instance:org.Tests.PracticeFormPageTest@27eedb64]" started-at="2024-01-05T14:26:39 COT" name="homePage" finished-at="2024-01-05T14:26:57 COT" duration-ms="18388" status="PASS">
          <reporter-output>
          </reporter-output>
        </test-method> <!-- homePage -->
        <test-method is-config="true" signature="initializeClass()[pri:0, instance:org.Tests.PracticeFormPageTest@27eedb64]" started-at="2024-01-05T14:26:57 COT" name="initializeClass" finished-at="2024-01-05T14:26:58 COT" duration-ms="930" status="PASS">
          <reporter-output>
          </reporter-output>
        </test-method> <!-- initializeClass -->
        <test-method signature="validatePlaceholderMobileField()[pri:0, instance:org.Tests.PracticeFormPageTest@27eedb64]" started-at="2024-01-05T14:26:58 COT" name="validatePlaceholderMobileField" finished-at="2024-01-05T14:26:59 COT" duration-ms="767" status="PASS">
          <reporter-output>
          </reporter-output>
        </test-method> <!-- validatePlaceholderMobileField -->
        <test-method is-config="true" signature="close()[pri:0, instance:org.Tests.PracticeFormPageTest@27eedb64]" started-at="2024-01-05T14:26:59 COT" name="close" finished-at="2024-01-05T14:27:00 COT" duration-ms="962" status="PASS">
          <reporter-output>
          </reporter-output>
        </test-method> <!-- close -->
        <test-method is-config="true" signature="homePage()[pri:0, instance:org.Tests.PracticeFormPageTest@27eedb64]" started-at="2024-01-05T14:27:00 COT" name="homePage" finished-at="2024-01-05T14:27:17 COT" duration-ms="16982" status="PASS">
          <reporter-output>
          </reporter-output>
        </test-method> <!-- homePage -->
        <test-method is-config="true" signature="initializeClass()[pri:0, instance:org.Tests.PracticeFormPageTest@27eedb64]" started-at="2024-01-05T14:27:17 COT" name="initializeClass" finished-at="2024-01-05T14:27:18 COT" duration-ms="1004" status="PASS">
          <reporter-output>
          </reporter-output>
        </test-method> <!-- initializeClass -->
        <test-method signature="validatePlaceholderStateListBox()[pri:0, instance:org.Tests.PracticeFormPageTest@27eedb64]" started-at="2024-01-05T14:27:18 COT" name="validatePlaceholderStateListBox" finished-at="2024-01-05T14:27:19 COT" duration-ms="1021" status="PASS">
          <reporter-output>
          </reporter-output>
        </test-method> <!-- validatePlaceholderStateListBox -->
        <test-method is-config="true" signature="close()[pri:0, instance:org.Tests.PracticeFormPageTest@27eedb64]" started-at="2024-01-05T14:27:19 COT" name="close" finished-at="2024-01-05T14:27:20 COT" duration-ms="969" status="PASS">
          <reporter-output>
          </reporter-output>
        </test-method> <!-- close -->
        <test-method is-config="true" signature="homePage()[pri:0, instance:org.Tests.PracticeFormPageTest@27eedb64]" started-at="2024-01-05T14:27:20 COT" name="homePage" finished-at="2024-01-05T14:27:37 COT" duration-ms="16419" status="PASS">
          <reporter-output>
          </reporter-output>
        </test-method> <!-- homePage -->
        <test-method is-config="true" signature="initializeClass()[pri:0, instance:org.Tests.PracticeFormPageTest@27eedb64]" started-at="2024-01-05T14:27:37 COT" name="initializeClass" finished-at="2024-01-05T14:27:38 COT" duration-ms="1015" status="PASS">
          <reporter-output>
          </reporter-output>
        </test-method> <!-- initializeClass -->
        <test-method signature="validateTitle()[pri:0, instance:org.Tests.PracticeFormPageTest@27eedb64]" started-at="2024-01-05T14:27:38 COT" name="validateTitle" finished-at="2024-01-05T14:27:38 COT" duration-ms="144" status="PASS">
          <reporter-output>
          </reporter-output>
        </test-method> <!-- validateTitle -->
        <test-method is-config="true" signature="close()[pri:0, instance:org.Tests.PracticeFormPageTest@27eedb64]" started-at="2024-01-05T14:27:38 COT" name="close" finished-at="2024-01-05T14:27:39 COT" duration-ms="1499" status="PASS">
          <reporter-output>
          </reporter-output>
        </test-method> <!-- close -->
      </class> <!-- org.Tests.PracticeFormPageTest -->
    </test> <!-- Form -->
  </suite> <!-- Suite2 -->
</testng-results>
