<?xml version="1.0" encoding="UTF-8"?>
<!-- Generated by org.testng.reporters.JUnitXMLReporter -->
<testsuite ignored="0" hostname="DESKTOP-33S5R95" failures="0" tests="30" name="Form" time="827.775" errors="0" timestamp="2024-01-05T14:27:42 COT">
  <testcase classname="org.Tests.PracticeFormPageTest" name="validateBorderColorOfBirthDateField" time="13.494"/>
  <testcase classname="org.Tests.PracticeFormPageTest" name="validateBorderColorOfCurrentAddressField" time="1.476"/>
  <testcase classname="org.Tests.PracticeFormPageTest" name="validateBorderColorOfEmailField" time="4.683"/>
  <testcase classname="org.Tests.PracticeFormPageTest" name="validateBorderColorOfFirstNameField" time="5.255"/>
  <testcase classname="org.Tests.PracticeFormPageTest" name="validateBorderColorOfGenderRadioButtonsField" time="1.367"/>
  <testcase classname="org.Tests.PracticeFormPageTest" name="validateBorderColorOfLastNameField" time="11.658"/>
  <testcase classname="org.Tests.PracticeFormPageTest" name="validateBorderColorOfMobileField" time="1.786"/>
  <testcase classname="org.Tests.PracticeFormPageTest" name="validateBorderColorOfMusicCheckboxButton" time="0.768"/>
  <testcase classname="org.Tests.PracticeFormPageTest" name="validateBorderColorOfReadingCheckboxButton" time="1.097"/>
  <testcase classname="org.Tests.PracticeFormPageTest" name="validateBorderColorOfSportsCheckboxButton" time="0.988"/>
  <testcase classname="org.Tests.PracticeFormPageTest" name="validateCorrectPageTitle" time="3.462"/>
  <testcase classname="org.Tests.PracticeFormPageTest" name="validateCorrectRegisterValues" time="37.334"/>
  <testcase classname="org.Tests.PracticeFormPageTest" name="validateLabelBirthDate" time="0.616"/>
  <testcase classname="org.Tests.PracticeFormPageTest" name="validateLabelCurrentAddress" time="0.25"/>
  <testcase classname="org.Tests.PracticeFormPageTest" name="validateLabelEmail" time="0.55"/>
  <testcase classname="org.Tests.PracticeFormPageTest" name="validateLabelGender" time="0.141"/>
  <testcase classname="org.Tests.PracticeFormPageTest" name="validateLabelHobbies" time="0.169"/>
  <testcase classname="org.Tests.PracticeFormPageTest" name="validateLabelMobile" time="0.577"/>
  <testcase classname="org.Tests.PracticeFormPageTest" name="validateLabelName" time="0.251"/>
  <testcase classname="org.Tests.PracticeFormPageTest" name="validateLabelPicture" time="0.753"/>
  <testcase classname="org.Tests.PracticeFormPageTest" name="validateLabelSubjects" time="0.771"/>
  <testcase classname="org.Tests.PracticeFormPageTest" name="validateLabelsStateAndCity" time="0.867"/>
  <testcase classname="org.Tests.PracticeFormPageTest" name="validatePlaceholderCityListBox" time="0.236"/>
  <testcase classname="org.Tests.PracticeFormPageTest" name="validatePlaceholderCurrentAddressField" time="0.116"/>
  <testcase classname="org.Tests.PracticeFormPageTest" name="validatePlaceholderEmailField" time="0.097"/>
  <testcase classname="org.Tests.PracticeFormPageTest" name="validatePlaceholderFirstNameField" time="0.127"/>
  <testcase classname="org.Tests.PracticeFormPageTest" name="validatePlaceholderLastNameField" time="0.151"/>
  <testcase classname="org.Tests.PracticeFormPageTest" name="validatePlaceholderMobileField" time="0.767"/>
  <testcase classname="org.Tests.PracticeFormPageTest" name="validatePlaceholderStateListBox" time="1.021"/>
  <testcase classname="org.Tests.PracticeFormPageTest" name="validateTitle" time="0.144"/>
</testsuite> <!-- Form -->
