<?xml version="1.0" encoding="UTF-8"?>
<!-- Generated by org.testng.reporters.JUnitXMLReporter -->
<testsuite ignored="0" hostname="DESKTOP-33S5R95" failures="0" tests="20" name="Form" time="34.631" errors="0" timestamp="2023-12-01T17:03:09 COT">
  <testcase classname="org.Tests.PracticeFormPageTest" name="fillTheFormCorrectly" time="11.894"/>
  <testcase classname="org.Tests.PracticeFormPageTest" name="validateLabelBirthDate" time="0.084"/>
  <testcase classname="org.Tests.PracticeFormPageTest" name="validateLabelCurrentAddress" time="0.071"/>
  <testcase classname="org.Tests.PracticeFormPageTest" name="validateLabelEmail" time="0.071"/>
  <testcase classname="org.Tests.PracticeFormPageTest" name="validateLabelGender" time="0.044"/>
  <testcase classname="org.Tests.PracticeFormPageTest" name="validateLabelHobbies" time="0.041"/>
  <testcase classname="org.Tests.PracticeFormPageTest" name="validateLabelMobile" time="0.037"/>
  <testcase classname="org.Tests.PracticeFormPageTest" name="validateLabelName" time="0.07"/>
  <testcase classname="org.Tests.PracticeFormPageTest" name="validateLabelPicture" time="0.03"/>
  <testcase classname="org.Tests.PracticeFormPageTest" name="validateLabelSubjects" time="0.029"/>
  <testcase classname="org.Tests.PracticeFormPageTest" name="validateLabelsStateAndCity" time="0.038"/>
  <testcase classname="org.Tests.PracticeFormPageTest" name="validateMandatoryFields" time="1.972"/>
  <testcase classname="org.Tests.PracticeFormPageTest" name="validatePlaceholderCityListBox" time="0.257"/>
  <testcase classname="org.Tests.PracticeFormPageTest" name="validatePlaceholderCurrentAddressField" time="0.044"/>
  <testcase classname="org.Tests.PracticeFormPageTest" name="validatePlaceholderEmailField" time="0.09"/>
  <testcase classname="org.Tests.PracticeFormPageTest" name="validatePlaceholderFirstNameField" time="0.06"/>
  <testcase classname="org.Tests.PracticeFormPageTest" name="validatePlaceholderLastNameField" time="0.049"/>
  <testcase classname="org.Tests.PracticeFormPageTest" name="validatePlaceholderMobileField" time="0.042"/>
  <testcase classname="org.Tests.PracticeFormPageTest" name="validatePlaceholderStateListBox" time="0.029"/>
  <testcase classname="org.Tests.PracticeFormPageTest" name="validateTitle" time="0.035"/>
</testsuite> <!-- Form -->
